unity_project/Library/Bee/Android/Prj/Mono2x/Gradle/launcher/build/intermediates/manifest_merge_blame_file/release/manifest-merger-blame-release-report.txt
1<?xml version="1.0" encoding="utf-8"?>
2<manifest xmlns:android="http://schemas.android.com/apk/res/android"
3    package="com.DefaultCompany.GestureKeyboard"
4    android:installLocation="auto"
5    android:versionCode="1"
6    android:versionName="0.1" >
7
8    <uses-sdk
9        android:minSdkVersion="23"
9-->src/main/AndroidManifest.xml
10        android:targetSdkVersion="32" />
10-->src/main/AndroidManifest.xml
11
12    <supports-screens
12-->src/main/AndroidManifest.xml:4:3-163
13        android:anyDensity="true"
13-->src/main/AndroidManifest.xml:4:135-160
14        android:largeScreens="true"
14-->src/main/AndroidManifest.xml:4:78-105
15        android:normalScreens="true"
15-->src/main/AndroidManifest.xml:4:49-77
16        android:smallScreens="true"
16-->src/main/AndroidManifest.xml:4:21-48
17        android:xlargeScreens="true" />
17-->src/main/AndroidManifest.xml:4:106-134
18
19    <uses-permission android:name="android.permission.INTERNET" />
19-->[:unityLibrary] AndroidManifest.xml:11:5-67
19-->[:unityLibrary] AndroidManifest.xml:11:22-64
20    <uses-permission android:name="android.permission.ACCESS_NETWORK_STATE" />
20-->[:unityLibrary] AndroidManifest.xml:12:5-79
20-->[:unityLibrary] AndroidManifest.xml:12:22-76
21    <uses-permission android:name="android.permission.RECORD_AUDIO" />
21-->[:unityLibrary] AndroidManifest.xml:13:5-71
21-->[:unityLibrary] AndroidManifest.xml:13:22-68
22    <uses-permission android:name="android.permission.MODIFY_AUDIO_SETTINGS" />
22-->[:unityLibrary] AndroidManifest.xml:14:5-80
22-->[:unityLibrary] AndroidManifest.xml:14:22-77
23
24    <uses-feature android:glEsVersion="0x00030000" />
24-->[:unityLibrary] AndroidManifest.xml:16:5-54
24-->[:unityLibrary] AndroidManifest.xml:16:19-51
25    <uses-feature
25-->[:unityLibrary] AndroidManifest.xml:17:5-19:36
26        android:name="android.hardware.vulkan.version"
26-->[:unityLibrary] AndroidManifest.xml:18:9-55
27        android:required="false" />
27-->[:unityLibrary] AndroidManifest.xml:19:9-33
28    <uses-feature
28-->[:unityLibrary] AndroidManifest.xml:20:5-22:36
29        android:name="android.hardware.microphone"
29-->[:unityLibrary] AndroidManifest.xml:21:9-51
30        android:required="false" />
30-->[:unityLibrary] AndroidManifest.xml:22:9-33
31    <uses-feature
31-->[:unityLibrary] AndroidManifest.xml:23:5-25:36
32        android:name="android.hardware.touchscreen"
32-->[:unityLibrary] AndroidManifest.xml:24:9-52
33        android:required="false" />
33-->[:unityLibrary] AndroidManifest.xml:25:9-33
34    <uses-feature
34-->[:unityLibrary] AndroidManifest.xml:26:5-28:36
35        android:name="android.hardware.touchscreen.multitouch"
35-->[:unityLibrary] AndroidManifest.xml:27:9-63
36        android:required="false" />
36-->[:unityLibrary] AndroidManifest.xml:28:9-33
37    <uses-feature
37-->[:unityLibrary] AndroidManifest.xml:29:5-31:36
38        android:name="android.hardware.touchscreen.multitouch.distinct"
38-->[:unityLibrary] AndroidManifest.xml:30:9-72
39        android:required="false" />
39-->[:unityLibrary] AndroidManifest.xml:31:9-33
40    <uses-feature
40-->[:unityLibrary] AndroidManifest.xml:32:5-35:31
41        android:name="android.hardware.vr.headtracking"
41-->[:unityLibrary] AndroidManifest.xml:33:9-56
42        android:required="true"
42-->[:unityLibrary] AndroidManifest.xml:34:9-32
43        android:version="1" />
43-->[:unityLibrary] AndroidManifest.xml:35:9-28
44    <uses-feature
44-->[:unityLibrary] AndroidManifest.xml:36:5-38:35
45        android:name="oculus.software.eye_tracking"
45-->[:unityLibrary] AndroidManifest.xml:37:9-52
46        android:required="true" />
46-->[:unityLibrary] AndroidManifest.xml:38:9-32
47
48    <uses-permission android:name="com.oculus.permission.EYE_TRACKING" />
48-->[:unityLibrary] AndroidManifest.xml:40:5-74
48-->[:unityLibrary] AndroidManifest.xml:40:22-71
49
50    <application
50-->src/main/AndroidManifest.xml:3:3-83
51        android:allowBackup="false"
51-->[:unityLibrary] AndroidManifest.xml:43:9-36
52        android:extractNativeLibs="true"
52-->[:unityLibrary] AndroidManifest.xml:44:9-41
53        android:icon="@mipmap/app_icon"
53-->src/main/AndroidManifest.xml:3:49-80
54        android:label="@string/app_name"
54-->src/main/AndroidManifest.xml:3:16-48
55        android:networkSecurityConfig="@xml/network_sec_config" >
55-->[:unityLibrary] AndroidManifest.xml:47:9-64
56        <meta-data
56-->[:unityLibrary] AndroidManifest.xml:48:9-50:33
57            android:name="unity.splash-mode"
57-->[:unityLibrary] AndroidManifest.xml:49:13-45
58            android:value="0" />
58-->[:unityLibrary] AndroidManifest.xml:50:13-30
59        <meta-data
59-->[:unityLibrary] AndroidManifest.xml:51:9-53:36
60            android:name="unity.splash-enable"
60-->[:unityLibrary] AndroidManifest.xml:52:13-47
61            android:value="True" />
61-->[:unityLibrary] AndroidManifest.xml:53:13-33
62        <meta-data
62-->[:unityLibrary] AndroidManifest.xml:54:9-56:36
63            android:name="unity.launch-fullscreen"
63-->[:unityLibrary] AndroidManifest.xml:55:13-51
64            android:value="True" />
64-->[:unityLibrary] AndroidManifest.xml:56:13-33
65        <meta-data
65-->[:unityLibrary] AndroidManifest.xml:57:9-59:37
66            android:name="unity.allow-resizable-window"
66-->[:unityLibrary] AndroidManifest.xml:58:13-56
67            android:value="False" />
67-->[:unityLibrary] AndroidManifest.xml:59:13-34
68        <meta-data
68-->[:unityLibrary] AndroidManifest.xml:60:9-62:50
69            android:name="notch.config"
69-->[:unityLibrary] AndroidManifest.xml:61:13-40
70            android:value="portrait|landscape" />
70-->[:unityLibrary] AndroidManifest.xml:62:13-47
71        <meta-data
71-->[:unityLibrary] AndroidManifest.xml:63:9-65:36
72            android:name="unity.auto-report-fully-drawn"
72-->[:unityLibrary] AndroidManifest.xml:64:13-57
73            android:value="true" />
73-->[:unityLibrary] AndroidManifest.xml:65:13-33
74
75        <activity
75-->[:unityLibrary] AndroidManifest.xml:67:9-93:20
76            android:name="com.unity3d.player.UnityPlayerActivity"
76-->[:unityLibrary] AndroidManifest.xml:68:13-66
77            android:configChanges="keyboard|keyboardHidden|navigation|orientation|screenLayout|screenSize|uiMode"
77-->[:unityLibrary] AndroidManifest.xml:69:13-114
78            android:exported="true"
78-->[:unityLibrary] AndroidManifest.xml:70:13-36
79            android:hardwareAccelerated="false"
79-->[:unityLibrary] AndroidManifest.xml:71:13-48
80            android:launchMode="singleTask"
80-->[:unityLibrary] AndroidManifest.xml:72:13-44
81            android:resizeableActivity="false"
81-->[:unityLibrary] AndroidManifest.xml:73:13-47
82            android:screenOrientation="landscape"
82-->[:unityLibrary] AndroidManifest.xml:74:13-50
83            android:theme="@android:style/Theme.Black.NoTitleBar.Fullscreen" >
83-->[:unityLibrary] AndroidManifest.xml:75:13-77
84            <intent-filter>
84-->[:unityLibrary] AndroidManifest.xml:76:13-82:29
85                <category android:name="android.intent.category.LAUNCHER" />
85-->[:unityLibrary] AndroidManifest.xml:77:17-77
85-->[:unityLibrary] AndroidManifest.xml:77:27-74
86
87                <action android:name="android.intent.action.MAIN" />
87-->[:unityLibrary] AndroidManifest.xml:79:17-69
87-->[:unityLibrary] AndroidManifest.xml:79:25-66
88
89                <category android:name="com.oculus.intent.category.VR" />
89-->[:unityLibrary] AndroidManifest.xml:81:17-74
89-->[:unityLibrary] AndroidManifest.xml:81:27-71
90            </intent-filter>
91
92            <meta-data
92-->[:unityLibrary] AndroidManifest.xml:84:13-86:40
93                android:name="unityplayer.UnityActivity"
93-->[:unityLibrary] AndroidManifest.xml:85:17-57
94                android:value="true" />
94-->[:unityLibrary] AndroidManifest.xml:86:17-37
95            <meta-data
95-->[:unityLibrary] AndroidManifest.xml:87:13-89:40
96                android:name="notch_support"
96-->[:unityLibrary] AndroidManifest.xml:88:17-45
97                android:value="true" />
97-->[:unityLibrary] AndroidManifest.xml:89:17-37
98            <meta-data
98-->[:unityLibrary] AndroidManifest.xml:90:13-92:40
99                android:name="com.oculus.vr.focusaware"
99-->[:unityLibrary] AndroidManifest.xml:91:17-56
100                android:value="true" />
100-->[:unityLibrary] AndroidManifest.xml:92:17-37
101        </activity>
102
103        <meta-data
103-->[:unityLibrary] AndroidManifest.xml:95:9-97:39
104            android:name="com.samsung.android.vr.application.mode"
104-->[:unityLibrary] AndroidManifest.xml:96:13-67
105            android:value="vr_only" />
105-->[:unityLibrary] AndroidManifest.xml:97:13-36
106        <meta-data
106-->[:unityLibrary] AndroidManifest.xml:98:9-100:37
107            android:name="com.unity.xr.oculus.LowOverheadMode"
107-->[:unityLibrary] AndroidManifest.xml:99:13-63
108            android:value="false" />
108-->[:unityLibrary] AndroidManifest.xml:100:13-34
109        <meta-data
109-->[:unityLibrary] AndroidManifest.xml:101:9-103:37
110            android:name="com.unity.xr.oculus.LateLatching"
110-->[:unityLibrary] AndroidManifest.xml:102:13-60
111            android:value="false" />
111-->[:unityLibrary] AndroidManifest.xml:103:13-34
112        <meta-data
112-->[:unityLibrary] AndroidManifest.xml:104:9-106:37
113            android:name="com.unity.xr.oculus.LateLatchingDebug"
113-->[:unityLibrary] AndroidManifest.xml:105:13-65
114            android:value="false" />
114-->[:unityLibrary] AndroidManifest.xml:106:13-34
115        <meta-data
115-->[:unityLibrary] AndroidManifest.xml:107:9-109:47
116            android:name="com.oculus.supportedDevices"
116-->[:unityLibrary] AndroidManifest.xml:108:13-55
117            android:value="quest2|questpro" />
117-->[:unityLibrary] AndroidManifest.xml:109:13-44
118    </application>
119
120</manifest>